<?xml version="1.0" encoding="UTF-8"?>
<testsuite xmlns:xsi="http://www.w3.org/2001/XMLSchema-instance" xsi:noNamespaceSchemaLocation="https://maven.apache.org/surefire/maven-surefire-plugin/xsd/surefire-test-report.xsd" name="com.baiqi.test.ProducerTest" time="23.296" tests="1" errors="1" skipped="0" failures="0">
  <properties>
[...]
</properties>
  <testcase name="send" classname="com.baiqi.test.ProducerTest" time="21.179">
    <error message="java.net.ConnectException: Connection timed out: connect" type="org.springframework.amqp.AmqpConnectException">org.springframework.amqp.AmqpConnectException: java.net.ConnectException: Connection timed out: connect
	at com.baiqi.test.ProducerTest.send(ProducerTest.java:23)
Caused by: java.net.ConnectException: Connection timed out: connect
	at com.baiqi.test.ProducerTest.send(ProducerTest.java:23)
</error>
    <system-out><![CDATA[17:24:45.113 [main] DEBUG org.springframework.test.context.junit4.SpringJUnit4ClassRunner - SpringJUnit4ClassRunner constructor called with [class com.baiqi.test.ProducerTest]
17:24:45.119 [main] DEBUG org.springframework.test.context.BootstrapUtils - Instantiating CacheAwareContextLoaderDelegate from class [org.springframework.test.context.cache.DefaultCacheAwareContextLoaderDelegate]
17:24:45.128 [main] DEBUG org.springframework.test.context.BootstrapUtils - Instantiating BootstrapContext using constructor [public org.springframework.test.context.support.DefaultBootstrapContext(java.lang.Class,org.springframework.test.context.CacheAwareContextLoaderDelegate)]
17:24:45.145 [main] DEBUG org.springframework.test.context.BootstrapUtils - Instantiating TestContextBootstrapper for test class [com.baiqi.test.ProducerTest] from class [org.springframework.boot.test.context.SpringBootTestContextBootstrapper]
17:24:45.157 [main] INFO org.springframework.boot.test.context.SpringBootTestContextBootstrapper - Neither @ContextConfiguration nor @ContextHierarchy found for test class [com.baiqi.test.ProducerTest], using SpringBootContextLoader
17:24:45.161 [main] DEBUG org.springframework.test.context.support.AbstractContextLoader - Did not detect default resource location for test class [com.baiqi.test.ProducerTest]: class path resource [com/baiqi/test/ProducerTest-context.xml] does not exist
17:24:45.161 [main] DEBUG org.springframework.test.context.support.AbstractContextLoader - Did not detect default resource location for test class [com.baiqi.test.ProducerTest]: class path resource [com/baiqi/test/ProducerTestContext.groovy] does not exist
17:24:45.161 [main] INFO org.springframework.test.context.support.AbstractContextLoader - Could not detect default resource locations for test class [com.baiqi.test.ProducerTest]: no resource found for suffixes {-context.xml, Context.groovy}.
17:24:45.162 [main] INFO org.springframework.test.context.support.AnnotationConfigContextLoaderUtils - Could not detect default configuration classes for test class [com.baiqi.test.ProducerTest]: ProducerTest does not declare any static, non-private, non-final, nested classes annotated with @Configuration.
17:24:45.206 [main] DEBUG org.springframework.test.context.support.ActiveProfilesUtils - Could not find an 'annotation declaring class' for annotation type [org.springframework.test.context.ActiveProfiles] and class [com.baiqi.test.ProducerTest]
17:24:45.292 [main] DEBUG org.springframework.context.annotation.ClassPathScanningCandidateComponentProvider - Identified candidate component class: file [C:\Users\guoyong\IdeaProjects\distribute\rabbitmq\producer-springboot\target\classes\com\baiqi\ProducerApplication.class]
17:24:45.294 [main] INFO org.springframework.boot.test.context.SpringBootTestContextBootstrapper - Found @SpringBootConfiguration com.baiqi.ProducerApplication for test class com.baiqi.test.ProducerTest
17:24:45.406 [main] DEBUG org.springframework.boot.test.context.SpringBootTestContextBootstrapper - @TestExecutionListeners is not present for class [com.baiqi.test.ProducerTest]: using defaults.
17:24:45.408 [main] INFO org.springframework.boot.test.context.SpringBootTestContextBootstrapper - Loaded default TestExecutionListener class names from location [META-INF/spring.factories]: [org.springframework.boot.test.mock.mockito.MockitoTestExecutionListener, org.springframework.boot.test.mock.mockito.ResetMocksTestExecutionListener, org.springframework.boot.test.autoconfigure.restdocs.RestDocsTestExecutionListener, org.springframework.boot.test.autoconfigure.web.client.MockRestServiceServerResetTestExecutionListener, org.springframework.boot.test.autoconfigure.web.servlet.MockMvcPrintOnlyOnFailureTestExecutionListener, org.springframework.boot.test.autoconfigure.web.servlet.WebDriverTestExecutionListener, org.springframework.test.context.web.ServletTestExecutionListener, org.springframework.test.context.support.DirtiesContextBeforeModesTestExecutionListener, org.springframework.test.context.support.DependencyInjectionTestExecutionListener, org.springframework.test.context.support.DirtiesContextTestExecutionListener, org.springframework.test.context.transaction.TransactionalTestExecutionListener, org.springframework.test.context.jdbc.SqlScriptsTestExecutionListener]
17:24:45.419 [main] DEBUG org.springframework.boot.test.context.SpringBootTestContextBootstrapper - Skipping candidate TestExecutionListener [org.springframework.test.context.web.ServletTestExecutionListener] due to a missing dependency. Specify custom listener classes or make the default listener classes and their required dependencies available. Offending class: [javax/servlet/ServletContext]
17:24:45.430 [main] INFO org.springframework.boot.test.context.SpringBootTestContextBootstrapper - Using TestExecutionListeners: [org.springframework.test.context.support.DirtiesContextBeforeModesTestExecutionListener@7c729a55, org.springframework.boot.test.mock.mockito.MockitoTestExecutionListener@3bb9a3ff, org.springframework.boot.test.autoconfigure.SpringBootDependencyInjectionTestExecutionListener@661972b0, org.springframework.test.context.support.DirtiesContextTestExecutionListener@5af3afd9, org.springframework.test.context.transaction.TransactionalTestExecutionListener@323b36e0, org.springframework.test.context.jdbc.SqlScriptsTestExecutionListener@44ebcd03, org.springframework.boot.test.mock.mockito.ResetMocksTestExecutionListener@694abbdc, org.springframework.boot.test.autoconfigure.restdocs.RestDocsTestExecutionListener@2e005c4b, org.springframework.boot.test.autoconfigure.web.client.MockRestServiceServerResetTestExecutionListener@4567f35d, org.springframework.boot.test.autoconfigure.web.servlet.MockMvcPrintOnlyOnFailureTestExecutionListener@5ffead27, org.springframework.boot.test.autoconfigure.web.servlet.WebDriverTestExecutionListener@6356695f]
17:24:45.432 [main] DEBUG org.springframework.test.annotation.ProfileValueUtils - Retrieved @ProfileValueSourceConfiguration [null] for test class [com.baiqi.test.ProducerTest]
17:24:45.433 [main] DEBUG org.springframework.test.annotation.ProfileValueUtils - Retrieved ProfileValueSource type [class org.springframework.test.annotation.SystemProfileValueSource] for class [com.baiqi.test.ProducerTest]
17:24:45.434 [main] DEBUG org.springframework.test.annotation.ProfileValueUtils - Retrieved @ProfileValueSourceConfiguration [null] for test class [com.baiqi.test.ProducerTest]
17:24:45.434 [main] DEBUG org.springframework.test.annotation.ProfileValueUtils - Retrieved ProfileValueSource type [class org.springframework.test.annotation.SystemProfileValueSource] for class [com.baiqi.test.ProducerTest]
17:24:45.435 [main] DEBUG org.springframework.test.annotation.ProfileValueUtils - Retrieved @ProfileValueSourceConfiguration [null] for test class [com.baiqi.test.ProducerTest]
17:24:45.435 [main] DEBUG org.springframework.test.annotation.ProfileValueUtils - Retrieved ProfileValueSource type [class org.springframework.test.annotation.SystemProfileValueSource] for class [com.baiqi.test.ProducerTest]
17:24:45.439 [main] DEBUG org.springframework.test.context.support.AbstractDirtiesContextTestExecutionListener - Before test class: context [DefaultTestContext@16293aa2 testClass = ProducerTest, testInstance = [null], testMethod = [null], testException = [null], mergedContextConfiguration = [MergedContextConfiguration@5158b42f testClass = ProducerTest, locations = '{}', classes = '{class com.baiqi.ProducerApplication}', contextInitializerClasses = '[]', activeProfiles = '{}', propertySourceLocations = '{}', propertySourceProperties = '{org.springframework.boot.test.context.SpringBootTestContextBootstrapper=true}', contextCustomizers = set[org.springframework.boot.test.context.filter.ExcludeFilterContextCustomizer@6b57696f, org.springframework.boot.test.json.DuplicateJsonObjectContextCustomizerFactory$DuplicateJsonObjectContextCustomizer@38bc8ab5, org.springframework.boot.test.mock.mockito.MockitoContextCustomizer@0, org.springframework.boot.test.web.client.TestRestTemplateContextCustomizer@7a3d45bd, org.springframework.boot.test.autoconfigure.properties.PropertyMappingContextCustomizer@0, org.springframework.boot.test.autoconfigure.web.servlet.WebDriverContextCustomizerFactory$Customizer@66d1af89], contextLoader = 'org.springframework.boot.test.context.SpringBootContextLoader', parent = [null]], attributes = map[[empty]]], class annotated with @DirtiesContext [false] with mode [null].
17:24:45.439 [main] DEBUG org.springframework.test.annotation.ProfileValueUtils - Retrieved @ProfileValueSourceConfiguration [null] for test class [com.baiqi.test.ProducerTest]
17:24:45.439 [main] DEBUG org.springframework.test.annotation.ProfileValueUtils - Retrieved ProfileValueSource type [class org.springframework.test.annotation.SystemProfileValueSource] for class [com.baiqi.test.ProducerTest]
17:24:45.445 [main] DEBUG org.springframework.test.context.support.DependencyInjectionTestExecutionListener - Performing dependency injection for test context [[DefaultTestContext@16293aa2 testClass = ProducerTest, testInstance = com.baiqi.test.ProducerTest@77847718, testMethod = [null], testException = [null], mergedContextConfiguration = [MergedContextConfiguration@5158b42f testClass = ProducerTest, locations = '{}', classes = '{class com.baiqi.ProducerApplication}', contextInitializerClasses = '[]', activeProfiles = '{}', propertySourceLocations = '{}', propertySourceProperties = '{org.springframework.boot.test.context.SpringBootTestContextBootstrapper=true}', contextCustomizers = set[org.springframework.boot.test.context.filter.ExcludeFilterContextCustomizer@6b57696f, org.springframework.boot.test.json.DuplicateJsonObjectContextCustomizerFactory$DuplicateJsonObjectContextCustomizer@38bc8ab5, org.springframework.boot.test.mock.mockito.MockitoContextCustomizer@0, org.springframework.boot.test.web.client.TestRestTemplateContextCustomizer@7a3d45bd, org.springframework.boot.test.autoconfigure.properties.PropertyMappingContextCustomizer@0, org.springframework.boot.test.autoconfigure.web.servlet.WebDriverContextCustomizerFactory$Customizer@66d1af89], contextLoader = 'org.springframework.boot.test.context.SpringBootContextLoader', parent = [null]], attributes = map[[empty]]]].
17:24:45.471 [main] DEBUG org.springframework.test.context.support.TestPropertySourceUtils - Adding inlined properties to environment: {spring.jmx.enabled=false, org.springframework.boot.test.context.SpringBootTestContextBootstrapper=true, server.port=-1}

  .   ____          _            __ _ _
 /\\ / ___'_ __ _ _(_)_ __  __ _ \ \ \ \
( ( )\___ | '_ | '_| | '_ \/ _` | \ \ \ \
 \\/  ___)| |_)| | | | | || (_| |  ) ) ) )
  '  |____| .__|_| |_|_| |_\__, | / / / /
 =========|_|==============|___/=/_/_/_/
 :: Spring Boot ::        (v2.1.4.RELEASE)

2021-08-12 17:24:45.870  INFO 22220 --- [           main] com.baiqi.test.ProducerTest              : Starting ProducerTest on DESKTOP-DIS2UQ2 with PID 22220 (started by guoyong in C:\Users\guoyong\IdeaProjects\distribute\rabbitmq\producer-springboot)
2021-08-12 17:24:45.871  INFO 22220 --- [           main] com.baiqi.test.ProducerTest              : No active profile set, falling back to default profiles: default
2021-08-12 17:24:46.917  INFO 22220 --- [           main] com.baiqi.test.ProducerTest              : Started ProducerTest in 1.44 seconds (JVM running for 2.431)
2021-08-12 17:24:47.075  INFO 22220 --- [           main] o.s.a.r.c.CachingConnectionFactory       : Attempting to connect to: [81.71.140.7:5672]
]]></system-out>
  </testcase>
</testsuite>